0 info it worked if it ends with ok
1 verbose cli [ '/usr/local/Cellar/node/5.3.0/bin/node',
1 verbose cli   '/usr/local/bin/npm',
1 verbose cli   'run',
1 verbose cli   'compile' ]
2 info using npm@3.3.12
3 info using node@v5.3.0
4 verbose run-script [ 'precompile', 'compile', 'postcompile' ]
5 info lifecycle deep-validator@1.0.1~precompile: deep-validator@1.0.1
6 silly lifecycle deep-validator@1.0.1~precompile: no script for precompile, continuing
7 info lifecycle deep-validator@1.0.1~compile: deep-validator@1.0.1
8 verbose lifecycle deep-validator@1.0.1~compile: unsafe-perm in lifecycle true
9 verbose lifecycle deep-validator@1.0.1~compile: PATH: /usr/local/lib/node_modules/npm/bin/node-gyp-bin:/usr/local/dev/local/validator/node_modules/.bin:/Users/sun/.pyenv/shims/:/usr/local/bin:/usr/bin:/bin:/usr/sbin:/sbin:/opt/X11/bin:/Applications/Wireshark.app/Contents/MacOS
10 verbose lifecycle deep-validator@1.0.1~compile: CWD: /usr/local/dev/local/validator
11 silly lifecycle deep-validator@1.0.1~compile: Args: [ '-c',
11 silly lifecycle   'tsc -d src/deep-validator.ts --outDir dist/src && uglifyjs dist/src/deep-validator.js -o dist/src/deep-validator.min.js' ]
12 silly lifecycle deep-validator@1.0.1~compile: Returned: code: 2  signal: null
13 info lifecycle deep-validator@1.0.1~compile: Failed to exec compile script
14 verbose stack Error: deep-validator@1.0.1 compile: `tsc -d src/deep-validator.ts --outDir dist/src && uglifyjs dist/src/deep-validator.js -o dist/src/deep-validator.min.js`
14 verbose stack Exit status 2
14 verbose stack     at EventEmitter.<anonymous> (/usr/local/lib/node_modules/npm/lib/utils/lifecycle.js:232:16)
14 verbose stack     at emitTwo (events.js:87:13)
14 verbose stack     at EventEmitter.emit (events.js:172:7)
14 verbose stack     at ChildProcess.<anonymous> (/usr/local/lib/node_modules/npm/lib/utils/spawn.js:24:14)
14 verbose stack     at emitTwo (events.js:87:13)
14 verbose stack     at ChildProcess.emit (events.js:172:7)
14 verbose stack     at maybeClose (internal/child_process.js:818:16)
14 verbose stack     at Process.ChildProcess._handle.onexit (internal/child_process.js:211:5)
15 verbose pkgid deep-validator@1.0.1
16 verbose cwd /usr/local/dev/local/validator
17 error Darwin 14.4.0
18 error argv "/usr/local/Cellar/node/5.3.0/bin/node" "/usr/local/bin/npm" "run" "compile"
19 error node v5.3.0
20 error npm  v3.3.12
21 error code ELIFECYCLE
22 error deep-validator@1.0.1 compile: `tsc -d src/deep-validator.ts --outDir dist/src && uglifyjs dist/src/deep-validator.js -o dist/src/deep-validator.min.js`
22 error Exit status 2
23 error Failed at the deep-validator@1.0.1 compile script 'tsc -d src/deep-validator.ts --outDir dist/src && uglifyjs dist/src/deep-validator.js -o dist/src/deep-validator.min.js'.
23 error Make sure you have the latest version of node.js and npm installed.
23 error If you do, this is most likely a problem with the deep-validator package,
23 error not with npm itself.
23 error Tell the author that this fails on your system:
23 error     tsc -d src/deep-validator.ts --outDir dist/src && uglifyjs dist/src/deep-validator.js -o dist/src/deep-validator.min.js
23 error You can get their info via:
23 error     npm owner ls deep-validator
23 error There is likely additional logging output above.
24 verbose exit [ 1, true ]
